Started GET "/" for ::1 at 2017-02-24 20:32:43 -0800
  
ActiveRecord::NoDatabaseError (Unknown database 'kspc_development'):
  
activerecord (5.0.1) lib/active_record/connection_adapters/mysql2_adapter.rb:29:in `rescue in mysql2_connection'
activerecord (5.0.1) lib/active_record/connection_adapters/mysql2_adapter.rb:12:in `mysql2_connection'
activerecord (5.0.1) lib/active_record/connection_adapters/abstract/connection_pool.rb:729:in `new_connection'
activerecord (5.0.1) lib/active_record/connection_adapters/abstract/connection_pool.rb:773:in `checkout_new_connection'
activerecord (5.0.1) lib/active_record/connection_adapters/abstract/connection_pool.rb:752:in `try_to_checkout_new_connection'
activerecord (5.0.1) lib/active_record/connection_adapters/abstract/connection_pool.rb:713:in `acquire_connection'
activerecord (5.0.1) lib/active_record/connection_adapters/abstract/connection_pool.rb:490:in `checkout'
activerecord (5.0.1) lib/active_record/connection_adapters/abstract/connection_pool.rb:364:in `connection'
activerecord (5.0.1) lib/active_record/connection_adapters/abstract/connection_pool.rb:883:in `retrieve_connection'
activerecord (5.0.1) lib/active_record/connection_handling.rb:128:in `retrieve_connection'
activerecord (5.0.1) lib/active_record/connection_handling.rb:91:in `connection'
activerecord (5.0.1) lib/active_record/migration.rb:559:in `connection'
activerecord (5.0.1) lib/active_record/migration.rb:546:in `call'
actionpack (5.0.1) lib/action_dispatch/middleware/callbacks.rb:38:in `block in call'
activesupport (5.0.1) lib/active_support/callbacks.rb:97:in `__run_callbacks__'
activesupport (5.0.1) lib/active_support/callbacks.rb:750:in `_run_call_callbacks'
activesupport (5.0.1) lib/active_support/callbacks.rb:90:in `run_callbacks'
actionpack (5.0.1) lib/action_dispatch/middleware/callbacks.rb:36:in `call'
actionpack (5.0.1) lib/action_dispatch/middleware/executor.rb:12:in `call'
actionpack (5.0.1) lib/action_dispatch/middleware/remote_ip.rb:79:in `call'
actionpack (5.0.1) lib/action_dispatch/middleware/debug_exceptions.rb:49:in `call'
web-console (3.4.0) lib/web_console/middleware.rb:135:in `call_app'
web-console (3.4.0) lib/web_console/middleware.rb:28:in `block in call'
web-console (3.4.0) lib/web_console/middleware.rb:18:in `catch'
web-console (3.4.0) lib/web_console/middleware.rb:18:in `call'
actionpack (5.0.1) lib/action_dispatch/middleware/show_exceptions.rb:31:in `call'
railties (5.0.1) lib/rails/rack/logger.rb:36:in `call_app'
railties (5.0.1) lib/rails/rack/logger.rb:24:in `block in call'
activesupport (5.0.1) lib/active_support/tagged_logging.rb:69:in `block in tagged'
activesupport (5.0.1) lib/active_support/tagged_logging.rb:26:in `tagged'
activesupport (5.0.1) lib/active_support/tagged_logging.rb:69:in `tagged'
railties (5.0.1) lib/rails/rack/logger.rb:24:in `call'
sprockets-rails (3.2.0) lib/sprockets/rails/quiet_assets.rb:13:in `call'
actionpack (5.0.1) lib/action_dispatch/middleware/request_id.rb:24:in `call'
rack (2.0.1) lib/rack/method_override.rb:22:in `call'
rack (2.0.1) lib/rack/runtime.rb:22:in `call'
activesupport (5.0.1) lib/active_support/cache/strategy/local_cache_middleware.rb:28:in `call'
actionpack (5.0.1) lib/action_dispatch/middleware/executor.rb:12:in `call'
actionpack (5.0.1) lib/action_dispatch/middleware/static.rb:136:in `call'
rack (2.0.1) lib/rack/sendfile.rb:111:in `call'
railties (5.0.1) lib/rails/engine.rb:522:in `call'
puma (3.7.1) lib/puma/configuration.rb:232:in `call'
puma (3.7.1) lib/puma/server.rb:578:in `handle_request'
puma (3.7.1) lib/puma/server.rb:415:in `process_client'
puma (3.7.1) lib/puma/server.rb:275:in `block in run'
puma (3.7.1) lib/puma/thread_pool.rb:120:in `block in spawn_thread'
Started GET "/" for ::1 at 2017-02-24 20:32:43 -0800
  
ActiveRecord::NoDatabaseError (Unknown database 'kspc_development'):
  
activerecord (5.0.1) lib/active_record/connection_adapters/mysql2_adapter.rb:29:in `rescue in mysql2_connection'
activerecord (5.0.1) lib/active_record/connection_adapters/mysql2_adapter.rb:12:in `mysql2_connection'
activerecord (5.0.1) lib/active_record/connection_adapters/abstract/connection_pool.rb:729:in `new_connection'
activerecord (5.0.1) lib/active_record/connection_adapters/abstract/connection_pool.rb:773:in `checkout_new_connection'
activerecord (5.0.1) lib/active_record/connection_adapters/abstract/connection_pool.rb:752:in `try_to_checkout_new_connection'
activerecord (5.0.1) lib/active_record/connection_adapters/abstract/connection_pool.rb:713:in `acquire_connection'
activerecord (5.0.1) lib/active_record/connection_adapters/abstract/connection_pool.rb:490:in `checkout'
activerecord (5.0.1) lib/active_record/connection_adapters/abstract/connection_pool.rb:364:in `connection'
activerecord (5.0.1) lib/active_record/connection_adapters/abstract/connection_pool.rb:883:in `retrieve_connection'
activerecord (5.0.1) lib/active_record/connection_handling.rb:128:in `retrieve_connection'
activerecord (5.0.1) lib/active_record/connection_handling.rb:91:in `connection'
activerecord (5.0.1) lib/active_record/migration.rb:559:in `connection'
activerecord (5.0.1) lib/active_record/migration.rb:546:in `call'
actionpack (5.0.1) lib/action_dispatch/middleware/callbacks.rb:38:in `block in call'
activesupport (5.0.1) lib/active_support/callbacks.rb:97:in `__run_callbacks__'
activesupport (5.0.1) lib/active_support/callbacks.rb:750:in `_run_call_callbacks'
activesupport (5.0.1) lib/active_support/callbacks.rb:90:in `run_callbacks'
actionpack (5.0.1) lib/action_dispatch/middleware/callbacks.rb:36:in `call'
actionpack (5.0.1) lib/action_dispatch/middleware/executor.rb:12:in `call'
actionpack (5.0.1) lib/action_dispatch/middleware/remote_ip.rb:79:in `call'
actionpack (5.0.1) lib/action_dispatch/middleware/debug_exceptions.rb:49:in `call'
web-console (3.4.0) lib/web_console/middleware.rb:135:in `call_app'
web-console (3.4.0) lib/web_console/middleware.rb:28:in `block in call'
web-console (3.4.0) lib/web_console/middleware.rb:18:in `catch'
web-console (3.4.0) lib/web_console/middleware.rb:18:in `call'
actionpack (5.0.1) lib/action_dispatch/middleware/show_exceptions.rb:31:in `call'
railties (5.0.1) lib/rails/rack/logger.rb:36:in `call_app'
railties (5.0.1) lib/rails/rack/logger.rb:24:in `block in call'
activesupport (5.0.1) lib/active_support/tagged_logging.rb:69:in `block in tagged'
activesupport (5.0.1) lib/active_support/tagged_logging.rb:26:in `tagged'
activesupport (5.0.1) lib/active_support/tagged_logging.rb:69:in `tagged'
railties (5.0.1) lib/rails/rack/logger.rb:24:in `call'
sprockets-rails (3.2.0) lib/sprockets/rails/quiet_assets.rb:13:in `call'
actionpack (5.0.1) lib/action_dispatch/middleware/request_id.rb:24:in `call'
rack (2.0.1) lib/rack/method_override.rb:22:in `call'
rack (2.0.1) lib/rack/runtime.rb:22:in `call'
activesupport (5.0.1) lib/active_support/cache/strategy/local_cache_middleware.rb:28:in `call'
actionpack (5.0.1) lib/action_dispatch/middleware/executor.rb:12:in `call'
actionpack (5.0.1) lib/action_dispatch/middleware/static.rb:136:in `call'
rack (2.0.1) lib/rack/sendfile.rb:111:in `call'
railties (5.0.1) lib/rails/engine.rb:522:in `call'
puma (3.7.1) lib/puma/configuration.rb:232:in `call'
puma (3.7.1) lib/puma/server.rb:578:in `handle_request'
puma (3.7.1) lib/puma/server.rb:415:in `process_client'
puma (3.7.1) lib/puma/server.rb:275:in `block in run'
puma (3.7.1) lib/puma/thread_pool.rb:120:in `block in spawn_thread'
  Rendering /usr/local/lib/ruby/gems/2.4.0/gems/actionpack-5.0.1/lib/action_dispatch/middleware/templates/rescues/diagnostics.html.erb within rescues/layout
  Rendering /usr/local/lib/ruby/gems/2.4.0/gems/actionpack-5.0.1/lib/action_dispatch/middleware/templates/rescues/diagnostics.html.erb within rescues/layout
  Rendering /usr/local/lib/ruby/gems/2.4.0/gems/actionpack-5.0.1/lib/action_dispatch/middleware/templates/rescues/_source.html.erb
  Rendering /usr/local/lib/ruby/gems/2.4.0/gems/actionpack-5.0.1/lib/action_dispatch/middleware/templates/rescues/_source.html.erb
  Rendered /usr/local/lib/ruby/gems/2.4.0/gems/actionpack-5.0.1/lib/action_dispatch/middleware/templates/rescues/_source.html.erb (3.2ms)
  Rendered /usr/local/lib/ruby/gems/2.4.0/gems/actionpack-5.0.1/lib/action_dispatch/middleware/templates/rescues/_source.html.erb (3.9ms)
  Rendering /usr/local/lib/ruby/gems/2.4.0/gems/actionpack-5.0.1/lib/action_dispatch/middleware/templates/rescues/_trace.html.erb
  Rendered /usr/local/lib/ruby/gems/2.4.0/gems/actionpack-5.0.1/lib/action_dispatch/middleware/templates/rescues/_trace.html.erb (1.4ms)
  Rendering /usr/local/lib/ruby/gems/2.4.0/gems/actionpack-5.0.1/lib/action_dispatch/middleware/templates/rescues/_trace.html.erb
  Rendered /usr/local/lib/ruby/gems/2.4.0/gems/actionpack-5.0.1/lib/action_dispatch/middleware/templates/rescues/_trace.html.erb (1.2ms)
  Rendering /usr/local/lib/ruby/gems/2.4.0/gems/actionpack-5.0.1/lib/action_dispatch/middleware/templates/rescues/_request_and_response.html.erb
  Rendering /usr/local/lib/ruby/gems/2.4.0/gems/actionpack-5.0.1/lib/action_dispatch/middleware/templates/rescues/_request_and_response.html.erb
  Rendered /usr/local/lib/ruby/gems/2.4.0/gems/actionpack-5.0.1/lib/action_dispatch/middleware/templates/rescues/_request_and_response.html.erb (0.6ms)
  Rendered /usr/local/lib/ruby/gems/2.4.0/gems/actionpack-5.0.1/lib/action_dispatch/middleware/templates/rescues/_request_and_response.html.erb (0.7ms)
  Rendered /usr/local/lib/ruby/gems/2.4.0/gems/actionpack-5.0.1/lib/action_dispatch/middleware/templates/rescues/diagnostics.html.erb within rescues/layout (124.4ms)
  Rendered /usr/local/lib/ruby/gems/2.4.0/gems/actionpack-5.0.1/lib/action_dispatch/middleware/templates/rescues/diagnostics.html.erb within rescues/layout (122.9ms)
Started GET "/" for ::1 at 2017-02-24 20:34:32 -0800
Processing by MainsController#index as HTML
  Rendering mains/index.html.erb within layouts/application
  Rendered mains/index.html.erb within layouts/application (7.7ms)
Started GET "/" for ::1 at 2017-02-24 20:34:33 -0800
Processing by MainsController#index as HTML
  Rendering mains/index.html.erb within layouts/application
  Rendered mains/index.html.erb within layouts/application (0.5ms)
Completed 200 OK in 6054ms (Views: 6050.3ms | ActiveRecord: 0.0ms)


Completed 200 OK in 6387ms (Views: 6355.0ms | ActiveRecord: 0.0ms)


Started GET "/mains/about" for ::1 at 2017-02-24 20:34:41 -0800
Processing by MainsController#about as HTML
  Rendering mains/about.html.erb within layouts/application
  Rendered mains/about.html.erb within layouts/application (0.7ms)
Completed 200 OK in 57ms (Views: 53.6ms | ActiveRecord: 0.0ms)


Started GET "/blogs/blog" for ::1 at 2017-02-24 20:34:42 -0800
Processing by BlogsController#blog as HTML
  Rendering blogs/blog.html.erb within layouts/application
  Rendered blogs/blog.html.erb within layouts/application (0.8ms)
Completed 200 OK in 58ms (Views: 55.3ms | ActiveRecord: 0.0ms)


Started GET "/mains/expo" for ::1 at 2017-02-24 20:34:43 -0800
Processing by MainsController#expo as HTML
  Rendering mains/expo.html.erb within layouts/application
  Rendered mains/expo.html.erb within layouts/application (0.4ms)
Completed 200 OK in 73ms (Views: 63.6ms | ActiveRecord: 0.0ms)


Started GET "/mains/media" for ::1 at 2017-02-24 20:34:43 -0800
Processing by MainsController#media as HTML
  Rendering mains/media.html.erb within layouts/application
  Rendered mains/media.html.erb within layouts/application (0.5ms)
Completed 200 OK in 82ms (Views: 76.1ms | ActiveRecord: 0.0ms)


Started GET "/contacts/contact" for ::1 at 2017-02-24 20:34:44 -0800
Processing by ContactsController#contact as HTML
  Rendering contacts/contact.html.erb within layouts/application
  Rendered contacts/contact.html.erb within layouts/application (0.5ms)
Completed 200 OK in 114ms (Views: 100.4ms | ActiveRecord: 0.0ms)


Started GET "/" for ::1 at 2017-02-24 20:34:46 -0800
Processing by MainsController#index as HTML
  Rendering mains/index.html.erb within layouts/application
  Rendered mains/index.html.erb within layouts/application (2.2ms)
Completed 200 OK in 94ms (Views: 89.0ms | ActiveRecord: 0.0ms)


Started GET "/mains/about" for ::1 at 2017-02-24 20:34:49 -0800
Processing by MainsController#about as HTML
  Rendering mains/about.html.erb within layouts/application
  Rendered mains/about.html.erb within layouts/application (0.9ms)
Completed 200 OK in 71ms (Views: 65.9ms | ActiveRecord: 0.0ms)


Started GET "/" for ::1 at 2017-02-24 20:36:32 -0800
Processing by MainsController#index as HTML
  Rendering mains/index.html.erb within layouts/application
  Rendered mains/index.html.erb within layouts/application (3.7ms)
Started GET "/" for ::1 at 2017-02-24 20:36:33 -0800
Processing by MainsController#index as HTML
  Rendering mains/index.html.erb within layouts/application
  Rendered mains/index.html.erb within layouts/application (0.5ms)
Completed 200 OK in 5320ms (Views: 5318.1ms | ActiveRecord: 0.0ms)


Completed 200 OK in 5625ms (Views: 5613.3ms | ActiveRecord: 0.0ms)


Started GET "/mains/about" for ::1 at 2017-02-24 20:36:41 -0800
Processing by MainsController#about as HTML
  Rendering mains/about.html.erb within layouts/application
  Rendered mains/about.html.erb within layouts/application (1.3ms)
Completed 200 OK in 82ms (Views: 78.7ms | ActiveRecord: 0.0ms)


Started GET "/blogs/blog" for ::1 at 2017-02-24 20:36:42 -0800
Processing by BlogsController#blog as HTML
  Rendering blogs/blog.html.erb within layouts/application
  Rendered blogs/blog.html.erb within layouts/application (0.5ms)
Completed 200 OK in 56ms (Views: 52.8ms | ActiveRecord: 0.0ms)


Started GET "/mains/expo" for ::1 at 2017-02-24 20:36:43 -0800
Processing by MainsController#expo as HTML
  Rendering mains/expo.html.erb within layouts/application
  Rendered mains/expo.html.erb within layouts/application (0.5ms)
Completed 200 OK in 60ms (Views: 53.5ms | ActiveRecord: 0.0ms)


Started GET "/mains/media" for ::1 at 2017-02-24 20:36:46 -0800
Processing by MainsController#media as HTML
  Rendering mains/media.html.erb within layouts/application
  Rendered mains/media.html.erb within layouts/application (0.6ms)
Completed 200 OK in 62ms (Views: 56.1ms | ActiveRecord: 0.0ms)


Started GET "/contacts/contact" for ::1 at 2017-02-24 20:36:47 -0800
Processing by ContactsController#contact as HTML
  Rendering contacts/contact.html.erb within layouts/application
  Rendered contacts/contact.html.erb within layouts/application (0.6ms)
Completed 200 OK in 71ms (Views: 67.2ms | ActiveRecord: 0.0ms)


Started GET "/contacts/contact" for ::1 at 2017-02-24 20:44:18 -0800
Processing by ContactsController#contact as HTML
  Rendering contacts/contact.html.erb within layouts/application
  Rendered contacts/contact.html.erb within layouts/application (1.5ms)
Completed 200 OK in 3205ms (Views: 3187.4ms | ActiveRecord: 0.0ms)


Started GET "/mains/about" for ::1 at 2017-02-24 20:44:27 -0800
Processing by MainsController#about as HTML
  Rendering mains/about.html.erb within layouts/application
  Rendered mains/about.html.erb within layouts/application (1.9ms)
Completed 200 OK in 210ms (Views: 195.7ms | ActiveRecord: 0.0ms)


Started GET "/blogs/blog" for ::1 at 2017-02-24 20:44:29 -0800
Processing by BlogsController#blog as HTML
  Rendering blogs/blog.html.erb within layouts/application
  Rendered blogs/blog.html.erb within layouts/application (1.3ms)
Completed 200 OK in 77ms (Views: 74.1ms | ActiveRecord: 0.0ms)


Started GET "/mains/expo" for ::1 at 2017-02-24 20:44:30 -0800
Processing by MainsController#expo as HTML
  Rendering mains/expo.html.erb within layouts/application
  Rendered mains/expo.html.erb within layouts/application (0.6ms)
Completed 200 OK in 74ms (Views: 70.3ms | ActiveRecord: 0.0ms)


Started GET "/mains/media" for ::1 at 2017-02-24 20:44:31 -0800
Processing by MainsController#media as HTML
  Rendering mains/media.html.erb within layouts/application
  Rendered mains/media.html.erb within layouts/application (1.4ms)
Completed 200 OK in 72ms (Views: 69.2ms | ActiveRecord: 0.0ms)


Started GET "/contacts/contact" for ::1 at 2017-02-24 20:44:32 -0800
Processing by ContactsController#contact as HTML
  Rendering contacts/contact.html.erb within layouts/application
  Rendered contacts/contact.html.erb within layouts/application (2.4ms)
Completed 200 OK in 89ms (Views: 83.8ms | ActiveRecord: 0.0ms)


